<?xml version="1.0" encoding="UTF-8"?>
<coverage generated="1569805432118" clover="3.2.0">
  <project timestamp="1569805432118" name="All files">
    <metrics statements="35" coveredstatements="24" conditionals="2" coveredconditionals="0" methods="11" coveredmethods="7" elements="48" coveredelements="31" complexity="0" loc="35" ncloc="35" packages="1" files="1" classes="1"/>
    <file name="ToDoList.js" path="/Users/caleriggs/Developer/react-hooks/src/components/ToDoList.js">
      <metrics statements="35" coveredstatements="24" conditionals="2" coveredconditionals="0" methods="11" coveredmethods="7"/>
      <line num="16" count="3" type="stmt"/>
      <line num="17" count="3" type="stmt"/>
      <line num="19" count="3" type="stmt"/>
      <line num="20" count="2" type="stmt"/>
      <line num="21" count="2" type="stmt"/>
      <line num="22" count="2" type="stmt"/>
      <line num="25" count="3" type="stmt"/>
      <line num="26" count="1" type="stmt"/>
      <line num="27" count="1" type="stmt"/>
      <line num="30" count="3" type="stmt"/>
      <line num="31" count="0" type="stmt"/>
      <line num="32" count="0" type="stmt"/>
      <line num="34" count="0" type="cond" truecount="0" falsecount="2"/>
      <line num="35" count="0" type="stmt"/>
      <line num="37" count="0" type="stmt"/>
      <line num="40" count="0" type="stmt"/>
      <line num="43" count="3" type="stmt"/>
      <line num="44" count="1" type="stmt"/>
      <line num="45" count="1" type="stmt"/>
      <line num="46" count="1" type="stmt"/>
      <line num="48" count="1" type="stmt"/>
      <line num="50" count="1" type="stmt"/>
      <line num="53" count="3" type="stmt"/>
      <line num="54" count="1" type="stmt"/>
      <line num="55" count="1" type="stmt"/>
      <line num="57" count="1" type="stmt"/>
      <line num="60" count="3" type="stmt"/>
      <line num="61" count="0" type="stmt"/>
      <line num="63" count="0" type="stmt"/>
      <line num="65" count="0" type="stmt"/>
      <line num="68" count="3" type="stmt"/>
      <line num="78" count="2" type="stmt"/>
      <line num="84" count="0" type="stmt"/>
      <line num="91" count="1" type="stmt"/>
      <line num="100" count="0" type="stmt"/>
    </file>
  </project>
</coverage>
