{"/Users/caleriggs/Developer/react-hooks/src/components/ToDoList.js": {"path":"/Users/caleriggs/Developer/react-hooks/src/components/ToDoList.js","statementMap":{"0":{"start":{"line":16,"column":34},"end":{"line":16,"column":46}},"1":{"start":{"line":17,"column":32},"end":{"line":17,"column":44}},"2":{"start":{"line":19,"column":2},"end":{"line":23,"column":39}},"3":{"start":{"line":20,"column":4},"end":{"line":20,"column":44}},"4":{"start":{"line":21,"column":32},"end":{"line":21,"column":64}},"5":{"start":{"line":22,"column":4},"end":{"line":22,"column":62}},"6":{"start":{"line":25,"column":2},"end":{"line":28,"column":8}},"7":{"start":{"line":26,"column":4},"end":{"line":26,"column":32}},"8":{"start":{"line":27,"column":4},"end":{"line":27,"column":35}},"9":{"start":{"line":30,"column":31},"end":{"line":41,"column":3}},"10":{"start":{"line":31,"column":25},"end":{"line":31,"column":51}},"11":{"start":{"line":32,"column":23},"end":{"line":32,"column":35}},"12":{"start":{"line":34,"column":4},"end":{"line":38,"column":5}},"13":{"start":{"line":35,"column":6},"end":{"line":35,"column":32}},"14":{"start":{"line":37,"column":6},"end":{"line":37,"column":41}},"15":{"start":{"line":40,"column":4},"end":{"line":40,"column":27}},"16":{"start":{"line":43,"column":23},"end":{"line":51,"column":3}},"17":{"start":{"line":44,"column":23},"end":{"line":44,"column":28}},"18":{"start":{"line":45,"column":22},"end":{"line":45,"column":28}},"19":{"start":{"line":46,"column":21},"end":{"line":46,"column":34}},"20":{"start":{"line":48,"column":4},"end":{"line":48,"column":28}},"21":{"start":{"line":50,"column":4},"end":{"line":50,"column":25}},"22":{"start":{"line":53,"column":18},"end":{"line":58,"column":3}},"23":{"start":{"line":54,"column":21},"end":{"line":54,"column":34}},"24":{"start":{"line":55,"column":4},"end":{"line":55,"column":21}},"25":{"start":{"line":57,"column":4},"end":{"line":57,"column":25}},"26":{"start":{"line":60,"column":21},"end":{"line":66,"column":3}},"27":{"start":{"line":61,"column":25},"end":{"line":61,"column":38}},"28":{"start":{"line":63,"column":4},"end":{"line":63,"column":33}},"29":{"start":{"line":65,"column":4},"end":{"line":65,"column":29}},"30":{"start":{"line":68,"column":2},"end":{"line":117,"column":3}},"31":{"start":{"line":78,"column":12},"end":{"line":107,"column":23}},"32":{"start":{"line":84,"column":33},"end":{"line":84,"column":60}},"33":{"start":{"line":91,"column":31},"end":{"line":91,"column":53}},"34":{"start":{"line":100,"column":37},"end":{"line":100,"column":54}}},"fnMap":{"0":{"name":"ToDoList","decl":{"start":{"line":14,"column":9},"end":{"line":14,"column":17}},"loc":{"start":{"line":14,"column":20},"end":{"line":118,"column":1}},"line":14},"1":{"name":"(anonymous_1)","decl":{"start":{"line":19,"column":12},"end":{"line":19,"column":13}},"loc":{"start":{"line":19,"column":18},"end":{"line":23,"column":3}},"line":19},"2":{"name":"(anonymous_2)","decl":{"start":{"line":25,"column":12},"end":{"line":25,"column":13}},"loc":{"start":{"line":25,"column":18},"end":{"line":28,"column":3}},"line":25},"3":{"name":"(anonymous_3)","decl":{"start":{"line":30,"column":31},"end":{"line":30,"column":32}},"loc":{"start":{"line":30,"column":46},"end":{"line":41,"column":3}},"line":30},"4":{"name":"(anonymous_4)","decl":{"start":{"line":43,"column":23},"end":{"line":43,"column":24}},"loc":{"start":{"line":43,"column":41},"end":{"line":51,"column":3}},"line":43},"5":{"name":"(anonymous_5)","decl":{"start":{"line":53,"column":18},"end":{"line":53,"column":19}},"loc":{"start":{"line":53,"column":24},"end":{"line":58,"column":3}},"line":53},"6":{"name":"(anonymous_6)","decl":{"start":{"line":60,"column":21},"end":{"line":60,"column":22}},"loc":{"start":{"line":60,"column":32},"end":{"line":66,"column":3}},"line":60},"7":{"name":"(anonymous_7)","decl":{"start":{"line":77,"column":23},"end":{"line":77,"column":24}},"loc":{"start":{"line":78,"column":12},"end":{"line":107,"column":23}},"line":78},"8":{"name":"(anonymous_8)","decl":{"start":{"line":84,"column":27},"end":{"line":84,"column":28}},"loc":{"start":{"line":84,"column":33},"end":{"line":84,"column":60}},"line":84},"9":{"name":"(anonymous_9)","decl":{"start":{"line":91,"column":26},"end":{"line":91,"column":27}},"loc":{"start":{"line":91,"column":31},"end":{"line":91,"column":53}},"line":91},"10":{"name":"(anonymous_10)","decl":{"start":{"line":100,"column":31},"end":{"line":100,"column":32}},"loc":{"start":{"line":100,"column":37},"end":{"line":100,"column":54}},"line":100}},"branchMap":{"0":{"loc":{"start":{"line":34,"column":4},"end":{"line":38,"column":5}},"type":"if","locations":[{"start":{"line":34,"column":4},"end":{"line":38,"column":5}},{"start":{"line":34,"column":4},"end":{"line":38,"column":5}}],"line":34}},"s":{"0":3,"1":3,"2":3,"3":2,"4":2,"5":2,"6":3,"7":1,"8":1,"9":3,"10":0,"11":0,"12":0,"13":0,"14":0,"15":0,"16":3,"17":1,"18":1,"19":1,"20":1,"21":1,"22":3,"23":1,"24":1,"25":1,"26":3,"27":0,"28":0,"29":0,"30":3,"31":2,"32":0,"33":1,"34":0},"f":{"0":3,"1":2,"2":1,"3":0,"4":1,"5":1,"6":0,"7":2,"8":0,"9":1,"10":0},"b":{"0":[0,0]},"_coverageSchema":"43e27e138ebf9cfc5966b082cf9a028302ed4184","hash":"ff86536058980fff80669337f3d7e66b847e9280"}
}
