TN:
SF:/Users/caleriggs/Developer/react-hooks/src/components/ToDoList.js
FN:14,ToDoList
FN:19,(anonymous_1)
FN:25,(anonymous_2)
FN:30,(anonymous_3)
FN:43,(anonymous_4)
FN:53,(anonymous_5)
FN:60,(anonymous_6)
FN:77,(anonymous_7)
FN:84,(anonymous_8)
FN:91,(anonymous_9)
FN:100,(anonymous_10)
FNF:11
FNH:7
FNDA:3,ToDoList
FNDA:2,(anonymous_1)
FNDA:1,(anonymous_2)
FNDA:0,(anonymous_3)
FNDA:1,(anonymous_4)
FNDA:1,(anonymous_5)
FNDA:0,(anonymous_6)
FNDA:2,(anonymous_7)
FNDA:0,(anonymous_8)
FNDA:1,(anonymous_9)
FNDA:0,(anonymous_10)
DA:16,3
DA:17,3
DA:19,3
DA:20,2
DA:21,2
DA:22,2
DA:25,3
DA:26,1
DA:27,1
DA:30,3
DA:31,0
DA:32,0
DA:34,0
DA:35,0
DA:37,0
DA:40,0
DA:43,3
DA:44,1
DA:45,1
DA:46,1
DA:48,1
DA:50,1
DA:53,3
DA:54,1
DA:55,1
DA:57,1
DA:60,3
DA:61,0
DA:63,0
DA:65,0
DA:68,3
DA:78,2
DA:84,0
DA:91,1
DA:100,0
LF:35
LH:24
BRDA:34,0,0,0
BRDA:34,0,1,0
BRF:2
BRH:0
end_of_record
